f:\work\avideo_project_h265\code\src\xviewer1.0\debug\xviewer.obj
f:\work\avideo_project_h265\code\src\xviewer1.0\debug\xplayvideo.obj
f:\work\avideo_project_h265\code\src\xviewer1.0\debug\xsyn_push.obj
f:\work\avideo_project_h265\code\src\xviewer1.0\debug\xcamera_record.obj
f:\work\avideo_project_h265\code\src\xviewer1.0\debug\xcalendar.obj
f:\work\avideo_project_h265\code\src\xviewer1.0\debug\xpush_stream_widget.obj
f:\work\avideo_project_h265\code\src\xviewer1.0\debug\main.obj
f:\work\avideo_project_h265\code\src\xviewer1.0\debug\xsyn_record.obj
f:\work\avideo_project_h265\code\src\xviewer1.0\debug\xcamera_config.obj
f:\work\avideo_project_h265\code\src\xviewer1.0\debug\acamera_task.obj
f:\work\avideo_project_h265\code\src\xviewer1.0\debug\xcamera_widget.obj
f:\work\avideo_project_h265\code\src\xviewer1.0\debug\vc142.pdb
f:\work\avideo_project_h265\code\src\xviewer1.0\debug\qrc_xviewer.obj
f:\work\avideo_project_h265\code\src\xviewer1.0\debug\moc_xviewer.obj
f:\work\avideo_project_h265\code\src\xviewer1.0\debug\moc_xcamera_widget.obj
f:\work\avideo_project_h265\code\src\xviewer1.0\debug\moc_xpush_stream_widget.obj
f:\work\avideo_project_h265\code\src\xviewer1.0\debug\moc_xplayvideo.obj
f:\work\avideo_project_h265\code\bin\x86\xviewer.exe
f:\work\avideo_project_h265\code\bin\x86\xviewer.ilk
f:\work\avideo_project_h265\code\bin\x86\xviewer.pdb
f:\work\avideo_project_h265\code\src\xviewer1.0\debug\moc\moc_xviewer.cpp
f:\work\avideo_project_h265\code\src\xviewer1.0\debug\moc\moc_xpush_stream_widget.cpp
f:\work\avideo_project_h265\code\src\xviewer1.0\debug\moc\moc_xplayvideo.cpp
f:\work\avideo_project_h265\code\src\xviewer1.0\debug\moc\moc_xcamera_widget.cpp
f:\work\avideo_project_h265\code\src\xviewer1.0\debug\xviewer.res
f:\work\avideo_project_h265\code\src\xviewer1.0\debug\rcc\qrc_xviewer.cpp
f:\work\avideo_project_h265\code\src\xviewer1.0\debug\uic\ui_xplayvideo.h
f:\work\avideo_project_h265\code\src\xviewer1.0\debug\uic\ui_xviewer.h
f:\work\avideo_project_h265\code\src\xviewer1.0\debug\xviewer.tlog\cl.command.1.tlog
f:\work\avideo_project_h265\code\src\xviewer1.0\debug\xviewer.tlog\cl.read.1.tlog
f:\work\avideo_project_h265\code\src\xviewer1.0\debug\xviewer.tlog\cl.write.1.tlog
f:\work\avideo_project_h265\code\src\xviewer1.0\debug\xviewer.tlog\link.command.1.tlog
f:\work\avideo_project_h265\code\src\xviewer1.0\debug\xviewer.tlog\link.read.1.tlog
f:\work\avideo_project_h265\code\src\xviewer1.0\debug\xviewer.tlog\link.write.1.tlog
f:\work\avideo_project_h265\code\src\xviewer1.0\debug\xviewer.tlog\moc.read.1u.tlog
f:\work\avideo_project_h265\code\src\xviewer1.0\debug\xviewer.tlog\moc.write.1u.tlog
f:\work\avideo_project_h265\code\src\xviewer1.0\debug\xviewer.tlog\rc.command.1.tlog
f:\work\avideo_project_h265\code\src\xviewer1.0\debug\xviewer.tlog\rc.read.1.tlog
f:\work\avideo_project_h265\code\src\xviewer1.0\debug\xviewer.tlog\rc.write.1.tlog
f:\work\avideo_project_h265\code\src\xviewer1.0\debug\xviewer.tlog\rcc.read.1u.tlog
f:\work\avideo_project_h265\code\src\xviewer1.0\debug\xviewer.tlog\rcc.write.1u.tlog
f:\work\avideo_project_h265\code\src\xviewer1.0\debug\xviewer.tlog\uic.read.1u.tlog
f:\work\avideo_project_h265\code\src\xviewer1.0\debug\xviewer.tlog\uic.write.1u.tlog
f:\work\avideo_project_h265\code\src\xviewer1.0\debug\xviewer.tlog\xviewer.write.1u.tlog
