f:\work\avideo_project_h265\code\src\xcodec\release\vc142.pdb
f:\work\avideo_project_h265\code\src\xcodec\release\xplayer.obj
f:\work\avideo_project_h265\code\src\xcodec\release\xencode_task.obj
f:\work\avideo_project_h265\code\src\xcodec\release\xdecode_task.obj
f:\work\avideo_project_h265\code\src\xcodec\release\xvideo_view.obj
f:\work\avideo_project_h265\code\src\xcodec\release\xtools.obj
f:\work\avideo_project_h265\code\src\xcodec\release\xsdl.obj
f:\work\avideo_project_h265\code\src\xcodec\release\xscreen_get_task.obj
f:\work\avideo_project_h265\code\src\xcodec\release\xscreen.obj
f:\work\avideo_project_h265\code\src\xcodec\release\xpush_rtmp_task.obj
f:\work\avideo_project_h265\code\src\xcodec\release\xmux_task.obj
f:\work\avideo_project_h265\code\src\xcodec\release\xmux.obj
f:\work\avideo_project_h265\code\src\xcodec\release\xformat.obj
f:\work\avideo_project_h265\code\src\xcodec\release\xencode.obj
f:\work\avideo_project_h265\code\src\xcodec\release\xdemux_task.obj
f:\work\avideo_project_h265\code\src\xcodec\release\xdemux.obj
f:\work\avideo_project_h265\code\src\xcodec\release\xdecode.obj
f:\work\avideo_project_h265\code\src\xcodec\release\xcodec.obj
f:\work\avideo_project_h265\code\src\xcodec\release\xcamera_task.obj
f:\work\avideo_project_h265\code\src\xcodec\release\xcamera.obj
f:\work\avideo_project_h265\code\src\xcodec\release\xaudio_play.obj
f:\work\avideo_project_h265\code\bin\x86\xcodec.dll
f:\work\avideo_project_h265\code\src\xcodec\release\xcodec.ipdb
f:\work\avideo_project_h265\code\src\xcodec\release\xcodec.iobj
f:\work\avideo_project_h265\code\bin\x86\xcodec.pdb
f:\work\avideo_project_h265\code\lib\x86\xcodec.lib
f:\work\avideo_project_h265\code\lib\x86\xcodec.exp
f:\work\avideo_project_h265\code\src\xcodec\release\xcodec.tlog\cl.command.1.tlog
f:\work\avideo_project_h265\code\src\xcodec\release\xcodec.tlog\cl.read.1.tlog
f:\work\avideo_project_h265\code\src\xcodec\release\xcodec.tlog\cl.write.1.tlog
f:\work\avideo_project_h265\code\src\xcodec\release\xcodec.tlog\link.command.1.tlog
f:\work\avideo_project_h265\code\src\xcodec\release\xcodec.tlog\link.read.1.tlog
f:\work\avideo_project_h265\code\src\xcodec\release\xcodec.tlog\link.write.1.tlog
f:\work\avideo_project_h265\code\src\xcodec\release\xcodec.tlog\xcodec.write.1u.tlog
