f:\work\avideo_project_h265\github\src\xcodec\debug\vc142.pdb
f:\work\avideo_project_h265\github\src\xcodec\debug\vc142.idb
f:\work\avideo_project_h265\github\src\xcodec\debug\xscreen.obj
f:\work\avideo_project_h265\github\src\xcodec\debug\xpush_rtmp_task.obj
f:\work\avideo_project_h265\github\src\xcodec\debug\xplayer.obj
f:\work\avideo_project_h265\github\src\xcodec\debug\xmux_task.obj
f:\work\avideo_project_h265\github\src\xcodec\debug\xmux.obj
f:\work\avideo_project_h265\github\src\xcodec\debug\xformat.obj
f:\work\avideo_project_h265\github\src\xcodec\debug\xfilter_task.obj
f:\work\avideo_project_h265\github\src\xcodec\debug\xfilter.obj
f:\work\avideo_project_h265\github\src\xcodec\debug\xencode_task.obj
f:\work\avideo_project_h265\github\src\xcodec\debug\xencode.obj
f:\work\avideo_project_h265\github\src\xcodec\debug\xedge.obj
f:\work\avideo_project_h265\github\src\xcodec\debug\xbilateral_filter.obj
f:\work\avideo_project_h265\github\src\xcodec\debug\xdemux_task.obj
f:\work\avideo_project_h265\github\src\xcodec\debug\xdemux.obj
f:\work\avideo_project_h265\github\src\xcodec\debug\xdecode_task.obj
f:\work\avideo_project_h265\github\src\xcodec\debug\xdecode.obj
f:\work\avideo_project_h265\github\src\xcodec\debug\xcodec.obj
f:\work\avideo_project_h265\github\src\xcodec\debug\xcamera_task.obj
f:\work\avideo_project_h265\github\src\xcodec\debug\xcamera.obj
f:\work\avideo_project_h265\github\src\xcodec\debug\xaudio_play.obj
f:\work\avideo_project_h265\github\src\xcodec\debug\xvideo_view.obj
f:\work\avideo_project_h265\github\src\xcodec\debug\xtools.obj
f:\work\avideo_project_h265\github\src\xcodec\debug\xsdl.obj
f:\work\avideo_project_h265\github\src\xcodec\debug\xscreen_get_task.obj
f:\work\avideo_project_h265\github\bin\x86\xcodec_d.ilk
f:\work\avideo_project_h265\github\bin\x86\xcodec_d.dll
f:\work\avideo_project_h265\github\bin\x86\xcodec_d.pdb
f:\work\avideo_project_h265\github\lib\x86\xcodec_d.lib
f:\work\avideo_project_h265\github\lib\x86\xcodec_d.exp
f:\work\avideo_project_h265\github\src\xcodec\debug\xcodec.tlog\cl.command.1.tlog
f:\work\avideo_project_h265\github\src\xcodec\debug\xcodec.tlog\cl.read.1.tlog
f:\work\avideo_project_h265\github\src\xcodec\debug\xcodec.tlog\cl.write.1.tlog
f:\work\avideo_project_h265\github\src\xcodec\debug\xcodec.tlog\link.command.1.tlog
f:\work\avideo_project_h265\github\src\xcodec\debug\xcodec.tlog\link.read.1.tlog
f:\work\avideo_project_h265\github\src\xcodec\debug\xcodec.tlog\link.write.1.tlog
f:\work\avideo_project_h265\github\src\xcodec\debug\xcodec.tlog\xcodec.write.1u.tlog
