  xaudio_play.cpp
F:\work\avideo_project_h265\code\src\xcodec\xaudio_play.cpp(2,10): fatal error C1083: 无法打开包括文件: “sdl\SDL.h”: No such file or directory
  xcodec.cpp
F:\work\avideo_project_h265\code\src\xcodec\xtools.h(85,18): warning C4251: “XThread::th_”: class“std::thread”需要有 dll 接口由 class“XThread”的客户端使用
D:\visual studio\VC\Tools\MSVC\14.28.29910\include\thread(36): message : 参见“std::thread”的声明
F:\work\avideo_project_h265\code\src\xcodec\xtools.h(88,17): warning C4251: “XThread::mux_”: class“std::mutex”需要有 dll 接口由 class“XThread”的客户端使用
D:\visual studio\VC\Tools\MSVC\14.28.29910\include\mutex(87): message : 参见“std::mutex”的声明
F:\work\avideo_project_h265\code\src\xcodec\xcodec.h(42,17): warning C4251: “XCodec::mtx_”: class“std::mutex”需要有 dll 接口由 class“XCodec”的客户端使用
D:\visual studio\VC\Tools\MSVC\14.28.29910\include\mutex(87): message : 参见“std::mutex”的声明
F:\work\avideo_project_h265\code\src\xcodec\xcodec.cpp(5,9): fatal error C1083: 无法打开包括文件: “libavcodec/avcodec.h”: No such file or directory
  xdecode.cpp
F:\work\avideo_project_h265\code\src\xcodec\xtools.h(85,18): warning C4251: “XThread::th_”: class“std::thread”需要有 dll 接口由 class“XThread”的客户端使用
D:\visual studio\VC\Tools\MSVC\14.28.29910\include\thread(36): message : 参见“std::thread”的声明
F:\work\avideo_project_h265\code\src\xcodec\xtools.h(88,17): warning C4251: “XThread::mux_”: class“std::mutex”需要有 dll 接口由 class“XThread”的客户端使用
D:\visual studio\VC\Tools\MSVC\14.28.29910\include\mutex(87): message : 参见“std::mutex”的声明
F:\work\avideo_project_h265\code\src\xcodec\xcodec.h(42,17): warning C4251: “XCodec::mtx_”: class“std::mutex”需要有 dll 接口由 class“XCodec”的客户端使用
D:\visual studio\VC\Tools\MSVC\14.28.29910\include\mutex(87): message : 参见“std::mutex”的声明
F:\work\avideo_project_h265\code\src\xcodec\xdecode.cpp(4,9): fatal error C1083: 无法打开包括文件: “libavcodec/avcodec.h”: No such file or directory
  xdecode_task.cpp
F:\work\avideo_project_h265\code\src\xcodec\xtools.h(85,18): warning C4251: “XThread::th_”: class“std::thread”需要有 dll 接口由 class“XThread”的客户端使用
D:\visual studio\VC\Tools\MSVC\14.28.29910\include\thread(36): message : 参见“std::thread”的声明
F:\work\avideo_project_h265\code\src\xcodec\xtools.h(88,17): warning C4251: “XThread::mux_”: class“std::mutex”需要有 dll 接口由 class“XThread”的客户端使用
D:\visual studio\VC\Tools\MSVC\14.28.29910\include\mutex(87): message : 参见“std::mutex”的声明
F:\work\avideo_project_h265\code\src\xcodec\xcodec.h(42,17): warning C4251: “XCodec::mtx_”: class“std::mutex”需要有 dll 接口由 class“XCodec”的客户端使用
D:\visual studio\VC\Tools\MSVC\14.28.29910\include\mutex(87): message : 参见“std::mutex”的声明
F:\work\avideo_project_h265\code\src\xcodec\xdecode_task.h(26,20): warning C4251: “XDecodeTask::mux_”: class“std::mutex”需要有 dll 接口由 class“XDecodeTask”的客户端使用
D:\visual studio\VC\Tools\MSVC\14.28.29910\include\mutex(87): message : 参见“std::mutex”的声明
F:\work\avideo_project_h265\code\src\xcodec\xdecode_task.h(28,28): warning C4251: “XDecodeTask::pkt_list_”: class“XAVPacketList”需要有 dll 接口由 class“XDecodeTask”的客户端使用
F:\work\avideo_project_h265\code\src\xcodec\xtools.h(122): message : 参见“XAVPacketList”的声明
F:\work\avideo_project_h265\code\src\xcodec\xdecode_task.cpp(5,9): fatal error C1083: 无法打开包括文件: “libavformat/avformat.h”: No such file or directory
  xdemux.cpp
F:\work\avideo_project_h265\code\src\xcodec\xtools.h(85,18): warning C4251: “XThread::th_”: class“std::thread”需要有 dll 接口由 class“XThread”的客户端使用
D:\visual studio\VC\Tools\MSVC\14.28.29910\include\thread(36): message : 参见“std::thread”的声明
F:\work\avideo_project_h265\code\src\xcodec\xtools.h(88,17): warning C4251: “XThread::mux_”: class“std::mutex”需要有 dll 接口由 class“XThread”的客户端使用
D:\visual studio\VC\Tools\MSVC\14.28.29910\include\mutex(87): message : 参见“std::mutex”的声明
F:\work\avideo_project_h265\code\src\xcodec\xformat.h(82,17): warning C4251: “XFormat::mux_”: class“std::mutex”需要有 dll 接口由 class“XFormat”的客户端使用
D:\visual studio\VC\Tools\MSVC\14.28.29910\include\mutex(87): message : 参见“std::mutex”的声明
F:\work\avideo_project_h265\code\src\xcodec\xdemux.cpp(6,9): fatal error C1083: 无法打开包括文件: “libavformat/avformat.h”: No such file or directory
  xdemux_task.cpp
F:\work\avideo_project_h265\code\src\xcodec\xtools.h(85,18): warning C4251: “XThread::th_”: class“std::thread”需要有 dll 接口由 class“XThread”的客户端使用
D:\visual studio\VC\Tools\MSVC\14.28.29910\include\thread(36): message : 参见“std::thread”的声明
F:\work\avideo_project_h265\code\src\xcodec\xtools.h(88,17): warning C4251: “XThread::mux_”: class“std::mutex”需要有 dll 接口由 class“XThread”的客户端使用
D:\visual studio\VC\Tools\MSVC\14.28.29910\include\mutex(87): message : 参见“std::mutex”的声明
F:\work\avideo_project_h265\code\src\xcodec\xformat.h(82,17): warning C4251: “XFormat::mux_”: class“std::mutex”需要有 dll 接口由 class“XFormat”的客户端使用
D:\visual studio\VC\Tools\MSVC\14.28.29910\include\mutex(87): message : 参见“std::mutex”的声明
F:\work\avideo_project_h265\code\src\xcodec\xdemux_task.h(32,18): warning C4251: “XDemuxTask::url_”: class“std::basic_string<char,std::char_traits<char>,std::allocator<char>>”需要有 dll 接口由 class“XDemuxTask”的客户端使用
D:\visual studio\VC\Tools\MSVC\14.28.29910\include\xstring(4648): message : 参见“std::basic_string<char,std::char_traits<char>,std::allocator<char>>”的声明
F:\work\avideo_project_h265\code\src\xcodec\xdemux_task.cpp(4,9): fatal error C1083: 无法打开包括文件: “libavformat/avformat.h”: No such file or directory
  xencode.cpp
F:\work\avideo_project_h265\code\src\xcodec\xtools.h(85,18): warning C4251: “XThread::th_”: class“std::thread”需要有 dll 接口由 class“XThread”的客户端使用
D:\visual studio\VC\Tools\MSVC\14.28.29910\include\thread(36): message : 参见“std::thread”的声明
F:\work\avideo_project_h265\code\src\xcodec\xtools.h(88,17): warning C4251: “XThread::mux_”: class“std::mutex”需要有 dll 接口由 class“XThread”的客户端使用
D:\visual studio\VC\Tools\MSVC\14.28.29910\include\mutex(87): message : 参见“std::mutex”的声明
F:\work\avideo_project_h265\code\src\xcodec\xcodec.h(42,17): warning C4251: “XCodec::mtx_”: class“std::mutex”需要有 dll 接口由 class“XCodec”的客户端使用
D:\visual studio\VC\Tools\MSVC\14.28.29910\include\mutex(87): message : 参见“std::mutex”的声明
F:\work\avideo_project_h265\code\src\xcodec\xencode.cpp(6,9): fatal error C1083: 无法打开包括文件: “libavcodec/avcodec.h”: No such file or directory
  xformat.cpp
F:\work\avideo_project_h265\code\src\xcodec\xtools.h(85,18): warning C4251: “XThread::th_”: class“std::thread”需要有 dll 接口由 class“XThread”的客户端使用
D:\visual studio\VC\Tools\MSVC\14.28.29910\include\thread(36): message : 参见“std::thread”的声明
F:\work\avideo_project_h265\code\src\xcodec\xtools.h(88,17): warning C4251: “XThread::mux_”: class“std::mutex”需要有 dll 接口由 class“XThread”的客户端使用
D:\visual studio\VC\Tools\MSVC\14.28.29910\include\mutex(87): message : 参见“std::mutex”的声明
F:\work\avideo_project_h265\code\src\xcodec\xformat.h(82,17): warning C4251: “XFormat::mux_”: class“std::mutex”需要有 dll 接口由 class“XFormat”的客户端使用
D:\visual studio\VC\Tools\MSVC\14.28.29910\include\mutex(87): message : 参见“std::mutex”的声明
F:\work\avideo_project_h265\code\src\xcodec\xformat.cpp(5,9): fatal error C1083: 无法打开包括文件: “libavformat/avformat.h”: No such file or directory
  xmux.cpp
F:\work\avideo_project_h265\code\src\xcodec\xtools.h(85,18): warning C4251: “XThread::th_”: class“std::thread”需要有 dll 接口由 class“XThread”的客户端使用
D:\visual studio\VC\Tools\MSVC\14.28.29910\include\thread(36): message : 参见“std::thread”的声明
F:\work\avideo_project_h265\code\src\xcodec\xtools.h(88,17): warning C4251: “XThread::mux_”: class“std::mutex”需要有 dll 接口由 class“XThread”的客户端使用
D:\visual studio\VC\Tools\MSVC\14.28.29910\include\mutex(87): message : 参见“std::mutex”的声明
F:\work\avideo_project_h265\code\src\xcodec\xformat.h(82,17): warning C4251: “XFormat::mux_”: class“std::mutex”需要有 dll 接口由 class“XFormat”的客户端使用
D:\visual studio\VC\Tools\MSVC\14.28.29910\include\mutex(87): message : 参见“std::mutex”的声明
F:\work\avideo_project_h265\code\src\xcodec\xmux.cpp(5,9): fatal error C1083: 无法打开包括文件: “libavformat/avformat.h”: No such file or directory
  xmux_task.cpp
F:\work\avideo_project_h265\code\src\xcodec\xtools.h(85,18): warning C4251: “XThread::th_”: class“std::thread”需要有 dll 接口由 class“XThread”的客户端使用
D:\visual studio\VC\Tools\MSVC\14.28.29910\include\thread(36): message : 参见“std::thread”的声明
F:\work\avideo_project_h265\code\src\xcodec\xtools.h(88,17): warning C4251: “XThread::mux_”: class“std::mutex”需要有 dll 接口由 class“XThread”的客户端使用
D:\visual studio\VC\Tools\MSVC\14.28.29910\include\mutex(87): message : 参见“std::mutex”的声明
F:\work\avideo_project_h265\code\src\xcodec\xformat.h(82,17): warning C4251: “XFormat::mux_”: class“std::mutex”需要有 dll 接口由 class“XFormat”的客户端使用
D:\visual studio\VC\Tools\MSVC\14.28.29910\include\mutex(87): message : 参见“std::mutex”的声明
F:\work\avideo_project_h265\code\src\xcodec\xmux_task.h(32,24): warning C4251: “XMuxTask::pkts_”: class“XAVPacketList”需要有 dll 接口由 class“XMuxTask”的客户端使用
F:\work\avideo_project_h265\code\src\xcodec\xtools.h(122): message : 参见“XAVPacketList”的声明
F:\work\avideo_project_h265\code\src\xcodec\xmux_task.h(33,20): warning C4251: “XMuxTask::mux_”: class“std::mutex”需要有 dll 接口由 class“XMuxTask”的客户端使用
D:\visual studio\VC\Tools\MSVC\14.28.29910\include\mutex(87): message : 参见“std::mutex”的声明
F:\work\avideo_project_h265\code\src\xcodec\xmux_task.cpp(4,9): fatal error C1083: 无法打开包括文件: “libavformat/avformat.h”: No such file or directory
  xsdl.cpp
F:\work\avideo_project_h265\code\src\xcodec\xtools.h(85,18): warning C4251: “XThread::th_”: class“std::thread”需要有 dll 接口由 class“XThread”的客户端使用
D:\visual studio\VC\Tools\MSVC\14.28.29910\include\thread(36): message : 参见“std::thread”的声明
F:\work\avideo_project_h265\code\src\xcodec\xtools.h(88,17): warning C4251: “XThread::mux_”: class“std::mutex”需要有 dll 接口由 class“XThread”的客户端使用
D:\visual studio\VC\Tools\MSVC\14.28.29910\include\mutex(87): message : 参见“std::mutex”的声明
F:\work\avideo_project_h265\code\src\xcodec\xvideo_view.h(88,20): warning C4251: “XVideoView::mtx_”: class“std::mutex”需要有 dll 接口由 class“XVideoView”的客户端使用
D:\visual studio\VC\Tools\MSVC\14.28.29910\include\mutex(87): message : 参见“std::mutex”的声明
F:\work\avideo_project_h265\code\src\xcodec\xvideo_view.h(95,23): warning C4251: “XVideoView::ifs_”: class“std::basic_ifstream<char,std::char_traits<char>>”需要有 dll 接口由 class“XVideoView”的客户端使用
D:\visual studio\VC\Tools\MSVC\14.28.29910\include\iosfwd(224): message : 参见“std::basic_ifstream<char,std::char_traits<char>>”的声明
F:\work\avideo_project_h265\code\src\xcodec\xsdl.cpp(27,10): fatal error C1083: 无法打开包括文件: “sdl/SDL.h”: No such file or directory
  xtools.cpp
F:\work\avideo_project_h265\code\src\xcodec\xtools.h(85,18): warning C4251: “XThread::th_”: class“std::thread”需要有 dll 接口由 class“XThread”的客户端使用
D:\visual studio\VC\Tools\MSVC\14.28.29910\include\thread(36): message : 参见“std::thread”的声明
F:\work\avideo_project_h265\code\src\xcodec\xtools.h(88,17): warning C4251: “XThread::mux_”: class“std::mutex”需要有 dll 接口由 class“XThread”的客户端使用
D:\visual studio\VC\Tools\MSVC\14.28.29910\include\mutex(87): message : 参见“std::mutex”的声明
F:\work\avideo_project_h265\code\src\xcodec\xtools.cpp(5,9): fatal error C1083: 无法打开包括文件: “libavcodec/avcodec.h”: No such file or directory
  xvideo_view.cpp
F:\work\avideo_project_h265\code\src\xcodec\xtools.h(85,18): warning C4251: “XThread::th_”: class“std::thread”需要有 dll 接口由 class“XThread”的客户端使用
D:\visual studio\VC\Tools\MSVC\14.28.29910\include\thread(36): message : 参见“std::thread”的声明
F:\work\avideo_project_h265\code\src\xcodec\xtools.h(88,17): warning C4251: “XThread::mux_”: class“std::mutex”需要有 dll 接口由 class“XThread”的客户端使用
D:\visual studio\VC\Tools\MSVC\14.28.29910\include\mutex(87): message : 参见“std::mutex”的声明
F:\work\avideo_project_h265\code\src\xcodec\xvideo_view.h(88,20): warning C4251: “XVideoView::mtx_”: class“std::mutex”需要有 dll 接口由 class“XVideoView”的客户端使用
D:\visual studio\VC\Tools\MSVC\14.28.29910\include\mutex(87): message : 参见“std::mutex”的声明
F:\work\avideo_project_h265\code\src\xcodec\xvideo_view.h(95,23): warning C4251: “XVideoView::ifs_”: class“std::basic_ifstream<char,std::char_traits<char>>”需要有 dll 接口由 class“XVideoView”的客户端使用
D:\visual studio\VC\Tools\MSVC\14.28.29910\include\iosfwd(224): message : 参见“std::basic_ifstream<char,std::char_traits<char>>”的声明
F:\work\avideo_project_h265\code\src\xcodec\xvideo_view.cpp(8,10): fatal error C1083: 无法打开包括文件: “libavcodec/avcodec.h”: No such file or directory
  正在生成代码...
