f:\work\avideo_project_h265\code\src\xviewer1.0\release\xpush_stream_widget.obj
f:\work\avideo_project_h265\code\src\xviewer1.0\release\main.obj
f:\work\avideo_project_h265\code\src\xviewer1.0\release\xsyn_record.obj
f:\work\avideo_project_h265\code\src\xviewer1.0\release\acamera_task.obj
f:\work\avideo_project_h265\code\src\xviewer1.0\release\xcalendar.obj
f:\work\avideo_project_h265\code\src\xviewer1.0\release\xcamera_widget.obj
f:\work\avideo_project_h265\code\src\xviewer1.0\release\xviewer.obj
f:\work\avideo_project_h265\code\src\xviewer1.0\release\xplayvideo.obj
f:\work\avideo_project_h265\code\src\xviewer1.0\release\xcamera_config.obj
f:\work\avideo_project_h265\code\src\xviewer1.0\release\xsyn_push.obj
f:\work\avideo_project_h265\code\src\xviewer1.0\release\xcamera_record.obj
f:\work\avideo_project_h265\code\src\xviewer1.0\release\moc_xpush_stream_widget.obj
f:\work\avideo_project_h265\code\src\xviewer1.0\release\moc_xplayvideo.obj
f:\work\avideo_project_h265\code\src\xviewer1.0\release\moc_xcamera_widget.obj
f:\work\avideo_project_h265\code\src\xviewer1.0\release\qrc_xviewer.obj
f:\work\avideo_project_h265\code\src\xviewer1.0\release\moc_xviewer.obj
f:\work\avideo_project_h265\code\bin\x86\xviewer.exe
f:\work\avideo_project_h265\code\src\xviewer1.0\release\moc\moc_xviewer.cpp
f:\work\avideo_project_h265\code\src\xviewer1.0\release\moc\moc_xpush_stream_widget.cpp
f:\work\avideo_project_h265\code\src\xviewer1.0\release\moc\moc_xplayvideo.cpp
f:\work\avideo_project_h265\code\src\xviewer1.0\release\moc\moc_xcamera_widget.cpp
f:\work\avideo_project_h265\code\src\xviewer1.0\release\xviewer.res
f:\work\avideo_project_h265\code\src\xviewer1.0\release\rcc\qrc_xviewer.cpp
f:\work\avideo_project_h265\code\src\xviewer1.0\release\uic\ui_xplayvideo.h
f:\work\avideo_project_h265\code\src\xviewer1.0\release\uic\ui_xviewer.h
f:\work\avideo_project_h265\code\src\xviewer1.0\release\xviewer.tlog\cl.command.1.tlog
f:\work\avideo_project_h265\code\src\xviewer1.0\release\xviewer.tlog\cl.read.1.tlog
f:\work\avideo_project_h265\code\src\xviewer1.0\release\xviewer.tlog\cl.write.1.tlog
f:\work\avideo_project_h265\code\src\xviewer1.0\release\xviewer.tlog\link.command.1.tlog
f:\work\avideo_project_h265\code\src\xviewer1.0\release\xviewer.tlog\link.read.1.tlog
f:\work\avideo_project_h265\code\src\xviewer1.0\release\xviewer.tlog\link.write.1.tlog
f:\work\avideo_project_h265\code\src\xviewer1.0\release\xviewer.tlog\moc.read.1u.tlog
f:\work\avideo_project_h265\code\src\xviewer1.0\release\xviewer.tlog\moc.write.1u.tlog
f:\work\avideo_project_h265\code\src\xviewer1.0\release\xviewer.tlog\rc.command.1.tlog
f:\work\avideo_project_h265\code\src\xviewer1.0\release\xviewer.tlog\rc.read.1.tlog
f:\work\avideo_project_h265\code\src\xviewer1.0\release\xviewer.tlog\rc.write.1.tlog
f:\work\avideo_project_h265\code\src\xviewer1.0\release\xviewer.tlog\rcc.read.1u.tlog
f:\work\avideo_project_h265\code\src\xviewer1.0\release\xviewer.tlog\rcc.write.1u.tlog
f:\work\avideo_project_h265\code\src\xviewer1.0\release\xviewer.tlog\uic.read.1u.tlog
f:\work\avideo_project_h265\code\src\xviewer1.0\release\xviewer.tlog\uic.write.1u.tlog
f:\work\avideo_project_h265\code\src\xviewer1.0\release\xviewer.tlog\xviewer.write.1u.tlog
